TN:
SF:/tmp/workspace/PACS_pacs-crm_crm-nba_master/app.js
FN:17,(anonymous_0)
FN:23,(anonymous_1)
FN:36,(anonymous_2)
FN:44,(anonymous_3)
FNF:4
FNH:4
FNDA:2,(anonymous_0)
FNDA:1,(anonymous_1)
FNDA:1,(anonymous_2)
FNDA:1,(anonymous_3)
DA:5,1
DA:6,1
DA:7,1
DA:8,1
DA:10,1
DA:13,1
DA:15,1
DA:17,1
DA:18,2
DA:19,2
DA:23,1
DA:24,1
DA:25,1
DA:26,1
DA:29,1
DA:30,1
DA:31,1
DA:33,1
DA:35,1
DA:36,1
DA:37,1
DA:41,1
DA:43,1
DA:45,1
DA:49,1
LF:25
LH:25
BRDA:18,0,0,2
BRDA:18,0,1,0
BRDA:18,1,0,2
BRDA:18,1,1,2
BRDA:19,2,0,2
BRDA:19,2,1,0
BRDA:25,3,0,0
BRDA:25,3,1,1
BRDA:41,4,0,1
BRDA:41,4,1,1
BRF:10
BRH:7
end_of_record
TN:
SF:/tmp/workspace/PACS_pacs-crm_crm-nba_master/src/controllers/activity.ctrl.js
FN:5,(anonymous_0)
FN:15,(anonymous_1)
FN:25,(anonymous_2)
FN:35,(anonymous_3)
FN:52,(anonymous_4)
FNF:5
FNH:5
FNDA:2,(anonymous_0)
FNDA:2,(anonymous_1)
FNDA:2,(anonymous_2)
FNDA:3,(anonymous_3)
FNDA:2,(anonymous_4)
DA:1,1
DA:2,1
DA:6,2
DA:7,2
DA:8,1
DA:11,1
DA:16,2
DA:17,2
DA:18,1
DA:21,1
DA:26,2
DA:27,2
DA:28,1
DA:31,1
DA:36,3
DA:37,3
DA:38,2
DA:39,1
DA:42,1
DA:43,1
DA:44,1
DA:48,1
DA:53,2
DA:54,2
DA:55,1
DA:58,1
DA:63,1
LF:27
LH:27
BRDA:37,0,0,2
BRDA:37,0,1,1
BRDA:37,1,0,3
BRDA:37,1,1,3
BRDA:37,1,2,2
BRF:5
BRH:5
end_of_record
TN:
SF:/tmp/workspace/PACS_pacs-crm_crm-nba_master/src/parsers/activity.parser.js
FN:1,(anonymous_0)
FNF:1
FNH:1
FNDA:2,(anonymous_0)
DA:1,1
DA:2,2
DA:3,2
DA:50,1
LF:4
LH:4
BRDA:15,0,0,0
BRDA:15,0,1,2
BRDA:15,1,0,2
BRDA:15,1,1,1
BRDA:16,2,0,0
BRDA:16,2,1,2
BRDA:16,3,0,2
BRDA:16,3,1,1
BRDA:17,4,0,0
BRDA:17,4,1,2
BRDA:17,5,0,2
BRDA:17,5,1,1
BRDA:18,6,0,0
BRDA:18,6,1,2
BRDA:18,7,0,2
BRDA:18,7,1,1
BRDA:19,8,0,0
BRDA:19,8,1,2
BRDA:19,9,0,2
BRDA:19,9,1,1
BRDA:20,10,0,0
BRDA:20,10,1,2
BRDA:20,11,0,2
BRDA:20,11,1,1
BRDA:24,12,0,1
BRDA:24,12,1,1
BRDA:24,13,0,2
BRDA:24,13,1,1
BRDA:25,14,0,1
BRDA:25,14,1,1
BRDA:25,15,0,2
BRDA:25,15,1,1
BRDA:26,16,0,1
BRDA:26,16,1,1
BRDA:26,17,0,2
BRDA:26,17,1,1
BRDA:27,18,0,1
BRDA:27,18,1,1
BRDA:27,19,0,2
BRDA:27,19,1,1
BRDA:28,20,0,1
BRDA:28,20,1,1
BRDA:28,21,0,2
BRDA:28,21,1,1
BRDA:29,22,0,1
BRDA:29,22,1,1
BRDA:29,23,0,2
BRDA:29,23,1,1
BRDA:30,24,0,1
BRDA:30,24,1,1
BRDA:30,25,0,2
BRDA:30,25,1,1
BRDA:31,26,0,1
BRDA:31,26,1,1
BRDA:31,27,0,2
BRDA:31,27,1,1
BRDA:32,28,0,1
BRDA:32,28,1,1
BRDA:32,29,0,2
BRDA:32,29,1,1
BRDA:33,30,0,1
BRDA:33,30,1,1
BRDA:33,31,0,2
BRDA:33,31,1,1
BRDA:34,32,0,1
BRDA:34,32,1,1
BRDA:34,33,0,2
BRDA:34,33,1,1
BRDA:35,34,0,1
BRDA:35,34,1,1
BRDA:35,35,0,2
BRDA:35,35,1,1
BRDA:36,36,0,1
BRDA:36,36,1,1
BRDA:36,37,0,2
BRDA:36,37,1,1
BRDA:37,38,0,1
BRDA:37,38,1,1
BRDA:37,39,0,2
BRDA:37,39,1,1
BRDA:38,40,0,1
BRDA:38,40,1,1
BRDA:38,41,0,2
BRDA:38,41,1,1
BRDA:39,42,0,1
BRDA:39,42,1,1
BRDA:39,43,0,2
BRDA:39,43,1,1
BRDA:40,44,0,1
BRDA:40,44,1,1
BRDA:40,45,0,2
BRDA:40,45,1,1
BRDA:41,46,0,1
BRDA:41,46,1,1
BRDA:41,47,0,2
BRDA:41,47,1,1
BRDA:42,48,0,1
BRDA:42,48,1,1
BRDA:42,49,0,2
BRDA:42,49,1,1
BRDA:43,50,0,1
BRDA:43,50,1,1
BRDA:43,51,0,2
BRDA:43,51,1,1
BRDA:44,52,0,1
BRDA:44,52,1,1
BRDA:44,53,0,2
BRDA:44,53,1,1
BRDA:45,54,0,1
BRDA:45,54,1,1
BRDA:45,55,0,2
BRDA:45,55,1,1
BRF:112
BRH:106
end_of_record
TN:
SF:/tmp/workspace/PACS_pacs-crm_crm-nba_master/src/routes/routes.auth.js
FNF:0
FNH:0
DA:1,1
DA:2,1
DA:4,1
DA:6,1
DA:13,1
LF:5
LH:5
BRF:0
BRH:0
end_of_record
TN:
SF:/tmp/workspace/PACS_pacs-crm_crm-nba_master/src/routes/routes.index.js
FN:8,(anonymous_0)
FN:10,(anonymous_1)
FNF:2
FNH:1
FNDA:1,(anonymous_0)
FNDA:0,(anonymous_1)
DA:2,1
DA:3,1
DA:4,1
DA:5,1
DA:6,1
DA:8,1
DA:9,1
DA:10,1
DA:11,0
DA:12,0
DA:14,1
LF:11
LH:9
BRF:0
BRH:0
end_of_record
TN:
SF:/tmp/workspace/PACS_pacs-crm_crm-nba_master/src/routes/middlewares/jwt.validation.js
FN:5,(anonymous_0)
FNF:1
FNH:1
FNDA:4,(anonymous_0)
DA:1,1
DA:2,1
DA:6,4
DA:7,1
DA:8,1
DA:9,1
DA:10,1
DA:12,4
DA:13,4
DA:15,1
DA:16,1
DA:19,3
DA:20,3
DA:21,3
DA:22,3
DA:27,1
LF:16
LH:16
BRDA:6,0,0,1
BRDA:6,0,1,3
BRF:2
BRH:2
end_of_record
TN:
SF:/tmp/workspace/PACS_pacs-crm_crm-nba_master/src/routes/middlewares/token.validation.js
FN:5,(anonymous_0)
FNF:1
FNH:1
FNDA:2,(anonymous_0)
DA:1,1
DA:2,1
DA:6,2
DA:7,2
DA:8,2
DA:9,2
DA:10,1
DA:11,1
DA:12,1
DA:14,2
DA:15,2
DA:18,0
DA:19,0
DA:20,0
DA:21,0
DA:26,1
LF:16
LH:12
BRDA:9,0,0,1
BRDA:9,0,1,1
BRF:2
BRH:2
end_of_record
TN:
SF:/tmp/workspace/PACS_pacs-crm_crm-nba_master/src/services/activity.service.js
FN:10,(anonymous_0)
FN:19,(anonymous_1)
FN:55,(anonymous_2)
FN:104,(anonymous_3)
FN:125,(anonymous_4)
FN:157,(anonymous_5)
FN:168,(anonymous_6)
FN:179,(anonymous_7)
FN:190,(anonymous_8)
FN:201,(anonymous_9)
FNF:10
FNH:9
FNDA:1,(anonymous_0)
FNDA:1,(anonymous_1)
FNDA:1,(anonymous_2)
FNDA:1,(anonymous_3)
FNDA:0,(anonymous_4)
FNDA:1,(anonymous_5)
FNDA:1,(anonymous_6)
FNDA:1,(anonymous_7)
FNDA:1,(anonymous_8)
FNDA:1,(anonymous_9)
DA:1,1
DA:2,1
DA:3,1
DA:4,1
DA:5,1
DA:6,1
DA:7,1
DA:10,1
DA:11,1
DA:12,0
DA:14,1
DA:17,1
DA:19,1
DA:20,1
DA:21,0
DA:24,1
DA:25,1
DA:26,1
DA:27,1
DA:33,1
DA:34,1
DA:36,1
DA:37,1
DA:38,1
DA:39,1
DA:40,1
DA:41,2
DA:46,0
DA:50,0
DA:52,1
DA:55,1
DA:56,1
DA:75,1
DA:80,1
DA:86,1
DA:87,1
DA:88,1
DA:89,1
DA:90,1
DA:91,1
DA:92,1
DA:93,1
DA:96,1
DA:99,0
DA:104,1
DA:105,1
DA:106,1
DA:107,1
DA:108,1
DA:109,1
DA:110,1
DA:111,1
DA:113,1
DA:116,0
DA:118,0
DA:119,0
DA:122,0
DA:123,0
DA:124,0
DA:125,0
DA:126,0
DA:127,0
DA:128,0
DA:129,0
DA:134,1
DA:136,1
DA:140,1
DA:145,1
DA:146,1
DA:147,1
DA:148,1
DA:149,1
DA:152,0
DA:158,1
DA:159,1
DA:160,1
DA:163,0
DA:164,0
DA:169,1
DA:170,1
DA:171,1
DA:174,0
DA:175,0
DA:180,1
DA:181,1
DA:182,1
DA:185,0
DA:186,0
DA:191,1
DA:192,1
DA:193,1
DA:196,0
DA:197,0
DA:202,1
DA:203,1
DA:204,1
DA:205,1
DA:206,1
DA:208,1
DA:211,0
DA:212,0
DA:217,1
LF:102
LH:75
BRDA:11,0,0,0
BRDA:11,0,1,1
BRDA:20,1,0,0
BRDA:20,1,1,1
BRDA:36,2,0,1
BRDA:36,2,1,0
BRDA:37,3,0,1
BRDA:37,3,1,0
BRDA:38,4,0,1
BRDA:38,4,1,0
BRDA:88,5,0,1
BRDA:88,5,1,0
BRDA:91,6,0,1
BRDA:91,6,1,0
BRDA:107,7,0,1
BRDA:107,7,1,0
BRDA:110,8,0,1
BRDA:110,8,1,0
BRDA:116,9,0,0
BRDA:116,9,1,0
BRDA:118,10,0,0
BRDA:118,10,1,0
BRDA:118,11,0,0
BRDA:118,11,1,0
BRDA:122,12,0,0
BRDA:122,12,1,0
BRDA:122,13,0,0
BRDA:122,13,1,0
BRF:28
BRH:9
end_of_record
TN:
SF:/tmp/workspace/PACS_pacs-crm_crm-nba_master/src/utils/access.token.js
FN:5,(anonymous_0)
FNF:1
FNH:1
FNDA:1,(anonymous_0)
DA:1,1
DA:2,1
DA:6,1
DA:7,1
DA:13,1
DA:17,1
DA:23,1
DA:24,1
DA:25,1
DA:26,1
DA:29,0
DA:34,1
LF:12
LH:11
BRF:0
BRH:0
end_of_record
TN:
SF:/tmp/workspace/PACS_pacs-crm_crm-nba_master/src/utils/jwt.js
FN:5,(anonymous_0)
FN:19,(anonymous_1)
FNF:2
FNH:2
FNDA:2,(anonymous_0)
FNDA:3,(anonymous_1)
DA:1,1
DA:2,1
DA:6,2
DA:7,2
DA:8,1
DA:10,1
DA:11,1
DA:12,0
DA:15,1
DA:20,3
DA:21,3
DA:22,1
DA:24,2
DA:25,2
DA:26,1
DA:29,1
DA:34,1
LF:17
LH:16
BRDA:7,0,0,1
BRDA:7,0,1,1
BRDA:21,1,0,1
BRDA:21,1,1,2
BRF:4
BRH:4
end_of_record
TN:
SF:/tmp/workspace/PACS_pacs-crm_crm-nba_master/src/utils/logger.js
FN:7,(anonymous_0)
FN:15,formatParams
FN:82,(anonymous_2)
FN:84,(anonymous_3)
FNF:4
FNH:4
FNDA:24,(anonymous_0)
FNDA:24,formatParams
FNDA:2,(anonymous_2)
FNDA:2,(anonymous_3)
DA:1,1
DA:2,1
DA:5,1
DA:7,1
DA:8,24
DA:10,24
DA:12,24
DA:18,24
DA:19,24
DA:20,24
DA:22,24
DA:27,1
DA:29,1
DA:36,1
DA:45,1
DA:46,1
DA:54,1
DA:64,0
DA:72,0
DA:82,1
DA:83,2
DA:84,2
DA:85,2
DA:87,2
DA:90,1
LF:25
LH:23
BRDA:5,0,0,1
BRDA:5,0,1,1
BRDA:8,1,0,24
BRDA:8,1,1,0
BRDA:22,2,0,24
BRDA:22,2,1,0
BRDA:27,3,0,1
BRDA:27,3,1,0
BRDA:45,4,0,1
BRDA:45,4,1,0
BRF:10
BRH:6
end_of_record
TN:
SF:/tmp/workspace/PACS_pacs-crm_crm-nba_master/src/utils/rest.js
FN:5,(anonymous_0)
FN:6,(anonymous_1)
FN:10,(anonymous_2)
FNF:3
FNH:3
FNDA:1,(anonymous_0)
FNDA:1,(anonymous_1)
FNDA:1,(anonymous_2)
DA:1,1
DA:2,1
DA:6,1
DA:7,1
DA:8,1
DA:9,1
DA:10,1
DA:11,1
DA:12,1
DA:13,1
DA:14,1
DA:16,1
DA:17,0
DA:18,0
DA:19,0
DA:21,0
DA:22,0
DA:25,1
DA:32,1
LF:19
LH:14
BRDA:12,0,0,1
BRDA:12,0,1,0
BRDA:16,1,0,0
BRDA:16,1,1,0
BRF:4
BRH:1
end_of_record
TN:
SF:/tmp/workspace/PACS_pacs-crm_crm-nba_master/src/utils/soap.js
FN:8,(anonymous_0)
FN:15,(anonymous_1)
FN:32,(anonymous_2)
FN:33,(anonymous_3)
FN:42,(anonymous_4)
FNF:5
FNH:0
FNDA:0,(anonymous_0)
FNDA:0,(anonymous_1)
FNDA:0,(anonymous_2)
FNDA:0,(anonymous_3)
FNDA:0,(anonymous_4)
DA:1,1
DA:2,1
DA:3,1
DA:4,1
DA:9,0
DA:10,0
DA:16,0
DA:17,0
DA:18,0
DA:32,0
DA:33,0
DA:35,0
DA:37,0
DA:38,0
DA:39,0
DA:41,0
DA:43,0
DA:48,1
LF:18
LH:5
BRDA:17,0,0,0
BRDA:17,0,1,0
BRF:2
BRH:0
end_of_record
